03-Feb-2020 14:26:36.161 INFOS [main] org.apache.catalina.startup.VersionLoggerListener.log Version du serveur:        Apache Tomcat/9.0.14
03-Feb-2020 14:26:36.317 INFOS [main] org.apache.catalina.startup.VersionLoggerListener.log Serveur compilé:        Dec 6 2018 21:13:53 UTC
03-Feb-2020 14:26:36.317 INFOS [main] org.apache.catalina.startup.VersionLoggerListener.log Version du serveur:      9.0.14.0
03-Feb-2020 14:26:36.317 INFOS [main] org.apache.catalina.startup.VersionLoggerListener.log Nom de l'OS:           Windows 10
03-Feb-2020 14:26:36.317 INFOS [main] org.apache.catalina.startup.VersionLoggerListener.log Version de lOS:        {0}
03-Feb-2020 14:26:36.333 INFOS [main] org.apache.catalina.startup.VersionLoggerListener.log Architecture:          amd64
03-Feb-2020 14:26:36.333 INFOS [main] org.apache.catalina.startup.VersionLoggerListener.log Répertoire de Java:     C:\Program Files\Java\jdk1.8.0_211\jre
03-Feb-2020 14:26:36.333 INFOS [main] org.apache.catalina.startup.VersionLoggerListener.log Version de la JVM:           1.8.0_211-b12
03-Feb-2020 14:26:36.333 INFOS [main] org.apache.catalina.startup.VersionLoggerListener.log Fournisseur de la JVM:            Oracle Corporation
03-Feb-2020 14:26:36.333 INFOS [main] org.apache.catalina.startup.VersionLoggerListener.log CATALINA_BASE:         Z:\2eme_annee\apache-tomcat-9.0.14
03-Feb-2020 14:26:36.333 INFOS [main] org.apache.catalina.startup.VersionLoggerListener.log CATALINA_HOME:         Z:\2eme_annee\apache-tomcat-9.0.14
03-Feb-2020 14:26:36.333 INFOS [main] org.apache.catalina.startup.VersionLoggerListener.log Argument de la ligne de commande: -Djava.util.logging.config.file=Z:\2eme_annee\apache-tomcat-9.0.14\conf\logging.properties
03-Feb-2020 14:26:36.333 INFOS [main] org.apache.catalina.startup.VersionLoggerListener.log Argument de la ligne de commande: -Djava.util.logging.manager=org.apache.juli.ClassLoaderLogManager
03-Feb-2020 14:26:36.333 INFOS [main] org.apache.catalina.startup.VersionLoggerListener.log Argument de la ligne de commande: -Djdk.tls.ephemeralDHKeySize=2048
03-Feb-2020 14:26:36.333 INFOS [main] org.apache.catalina.startup.VersionLoggerListener.log Argument de la ligne de commande: -Djava.protocol.handler.pkgs=org.apache.catalina.webresources
03-Feb-2020 14:26:36.333 INFOS [main] org.apache.catalina.startup.VersionLoggerListener.log Argument de la ligne de commande: -Dignore.endorsed.dirs=
03-Feb-2020 14:26:36.333 INFOS [main] org.apache.catalina.startup.VersionLoggerListener.log Argument de la ligne de commande: -Dcatalina.base=Z:\2eme_annee\apache-tomcat-9.0.14
03-Feb-2020 14:26:36.333 INFOS [main] org.apache.catalina.startup.VersionLoggerListener.log Argument de la ligne de commande: -Dcatalina.home=Z:\2eme_annee\apache-tomcat-9.0.14
03-Feb-2020 14:26:36.333 INFOS [main] org.apache.catalina.startup.VersionLoggerListener.log Argument de la ligne de commande: -Djava.io.tmpdir=Z:\2eme_annee\apache-tomcat-9.0.14\temp
03-Feb-2020 14:26:36.333 INFOS [main] org.apache.catalina.core.AprLifecycleListener.lifecycleEvent La librairie Apache Tomcat Native basée sur APR qui permet des performances optimales dans les environnements de production n'a pas été trouvée sur le java.library.path: [C:\Program Files\Java\jdk1.8.0_211\bin;C:\Windows\Sun\Java\bin;C:\Windows\system32;C:\Windows;C:\oraclexe\app\oracle\product\11.2.0\server\bin;;C:\app\product\11.2.0\client_1\bin;C:\Program Files\Microsoft MPI\Bin\;C:\Program Files\Addinsoft\XLSTAT\;C:\Program Files (x86)\Common Files\Oracle\Java\javapath;C:\Windows\system32;C:\Windows;C:\Windows\System32\Wbem;C:\Windows\System32\WindowsPowerShell\v1.0\;C:\Windows\CCM;C:\Windows\CCM;C:\Program Files\PuTTY\;C:\Program Files\Git\cmd;C:\Program Files (x86)\QuickTime\QTSystem\;C:\Program Files\doxygen\bin;C:\Program Files\leJOS EV3\bin;c:\Php7;c:\Php7\bin;C:\Program Files (x86)\PsychoPy2;C:\Program Files (x86)\PsychoPy2\DLLs;C:\Program Files\dotnet\;C:\Program Files\Microsoft SQL Server\130\Tools\Binn\;C:\Program Files\Microsoft SQL Server\Client SDK\ODBC\170\Tools\Binn\;C:\Program Files\SASHome\Secure\ccme4;C:\Program Files\SASHome\x86\Secure\ccme4;C:\Windows\CCM;C:\Program Files (x86)\Microsoft SQL Server\140\DTS\Binn\;C:\Program Files\Microsoft SQL Server\140\DTS\Binn\;C:\Program Files\Microsoft SQL Server\Client SDK\ODBC\130\Tools\Binn\;C:\Program Files (x86)\Microsoft SQL Server\140\Tools\Binn\;C:\Program Files\Microsoft SQL Server\140\Tools\Binn\;C:\Program Files (x86)\Microsoft SQL Server\Client SDK\ODBC\130\Tools\Binn\;C:\Program Files (x86)\Microsoft SQL Server\140\Tools\Binn\ManagementStudio\;C:\Program Files (x86)\Microsoft SQL Server\110\DTS\Binn\;C:\Program Files (x86)\Microsoft SQL Server\120\DTS\Binn\;C:\Program Files (x86)\Microsoft SQL Server\130\DTS\Binn\;C:\Program Files (x86)\Microsoft SQL Server\150\DTS\Binn\;C:\Program Files\nodejs\;C:\Users\goldanig\AppData\Local\Microsoft\WindowsApps;;.]
03-Feb-2020 14:26:37.935 INFOS [main] org.apache.coyote.AbstractProtocol.init Initialisation du gestionnaire de protocole ["http-nio-8080"]
03-Feb-2020 14:26:38.126 INFOS [main] org.apache.coyote.AbstractProtocol.init Initialisation du gestionnaire de protocole ["ajp-nio-8009"]
03-Feb-2020 14:26:38.132 INFOS [main] org.apache.catalina.startup.Catalina.load L'initialisation du serveur a pris [2 728] millisecondes
03-Feb-2020 14:26:38.243 INFOS [main] org.apache.catalina.core.StandardService.startInternal Démarrage du service [Catalina]
03-Feb-2020 14:26:38.244 INFOS [main] org.apache.catalina.core.StandardEngine.startInternal Démarrage du moteur de Servlets: [Apache Tomcat/9.0.14]
03-Feb-2020 14:26:38.265 INFOS [main] org.apache.catalina.startup.HostConfig.deployDirectory Déploiement du répertoire d'application web [Z:\2eme_annee\apache-tomcat-9.0.14\webapps\docs]
03-Feb-2020 14:26:39.282 INFOS [main] org.apache.catalina.startup.HostConfig.deployDirectory Le déploiement du répertoire [Z:\2eme_annee\apache-tomcat-9.0.14\webapps\docs] de l'application web s'est terminé en [1 017] ms
03-Feb-2020 14:26:39.283 INFOS [main] org.apache.catalina.startup.HostConfig.deployDirectory Déploiement du répertoire d'application web [Z:\2eme_annee\apache-tomcat-9.0.14\webapps\examples]
03-Feb-2020 14:26:41.999 INFOS [main] org.apache.catalina.startup.HostConfig.deployDirectory Le déploiement du répertoire [Z:\2eme_annee\apache-tomcat-9.0.14\webapps\examples] de l'application web s'est terminé en [2 715] ms
03-Feb-2020 14:26:42.000 INFOS [main] org.apache.catalina.startup.HostConfig.deployDirectory Déploiement du répertoire d'application web [Z:\2eme_annee\apache-tomcat-9.0.14\webapps\host-manager]
03-Feb-2020 14:26:42.100 INFOS [main] org.apache.catalina.startup.HostConfig.deployDirectory Le déploiement du répertoire [Z:\2eme_annee\apache-tomcat-9.0.14\webapps\host-manager] de l'application web s'est terminé en [100] ms
03-Feb-2020 14:26:42.101 INFOS [main] org.apache.catalina.startup.HostConfig.deployDirectory Déploiement du répertoire d'application web [Z:\2eme_annee\apache-tomcat-9.0.14\webapps\manager]
03-Feb-2020 14:26:42.254 INFOS [main] org.apache.catalina.startup.HostConfig.deployDirectory Le déploiement du répertoire [Z:\2eme_annee\apache-tomcat-9.0.14\webapps\manager] de l'application web s'est terminé en [154] ms
03-Feb-2020 14:26:42.255 INFOS [main] org.apache.catalina.startup.HostConfig.deployDirectory Déploiement du répertoire d'application web [Z:\2eme_annee\apache-tomcat-9.0.14\webapps\ROOT]
03-Feb-2020 14:26:42.320 INFOS [main] org.apache.catalina.startup.HostConfig.deployDirectory Le déploiement du répertoire [Z:\2eme_annee\apache-tomcat-9.0.14\webapps\ROOT] de l'application web s'est terminé en [65] ms
03-Feb-2020 14:26:42.321 INFOS [main] org.apache.catalina.startup.HostConfig.deployDirectory Déploiement du répertoire d'application web [Z:\2eme_annee\apache-tomcat-9.0.14\webapps\TP1]
03-Feb-2020 14:26:42.397 INFOS [main] org.apache.catalina.startup.HostConfig.deployDirectory Le déploiement du répertoire [Z:\2eme_annee\apache-tomcat-9.0.14\webapps\TP1] de l'application web s'est terminé en [76] ms
03-Feb-2020 14:26:42.398 INFOS [main] org.apache.catalina.startup.HostConfig.deployDirectory Déploiement du répertoire d'application web [Z:\2eme_annee\apache-tomcat-9.0.14\webapps\TP11]
03-Feb-2020 14:26:42.497 INFOS [main] org.apache.catalina.startup.HostConfig.deployDirectory Le déploiement du répertoire [Z:\2eme_annee\apache-tomcat-9.0.14\webapps\TP11] de l'application web s'est terminé en [100] ms
03-Feb-2020 14:26:42.504 INFOS [main] org.apache.coyote.AbstractProtocol.start Démarrage du gestionnaire de protocole ["http-nio-8080"]
03-Feb-2020 14:26:42.522 INFOS [main] org.apache.coyote.AbstractProtocol.start Démarrage du gestionnaire de protocole ["ajp-nio-8009"]
03-Feb-2020 14:26:42.529 INFOS [main] org.apache.catalina.startup.Catalina.start Le démarrage du serveur a pris [4 396] millisecondes
03-Feb-2020 14:28:02.735 INFOS [Catalina-utility-1] org.apache.catalina.startup.HostConfig.deployDirectory Déploiement du répertoire d'application web [Z:\2eme_annee\apache-tomcat-9.0.14\webapps\Nouveau dossier]
03-Feb-2020 14:28:02.868 INFOS [Catalina-utility-1] org.apache.catalina.startup.HostConfig.deployDirectory Le déploiement du répertoire [Z:\2eme_annee\apache-tomcat-9.0.14\webapps\Nouveau dossier] de l'application web s'est terminé en [133] ms
03-Feb-2020 14:28:13.432 INFOS [Catalina-utility-1] org.apache.catalina.startup.HostConfig.undeploy Retrait de l'application web ayant pour chemin de contexte [/Nouveau dossier]
03-Feb-2020 14:28:13.506 INFOS [Catalina-utility-1] org.apache.catalina.startup.HostConfig.deployDirectory Déploiement du répertoire d'application web [Z:\2eme_annee\apache-tomcat-9.0.14\webapps\TP2]
03-Feb-2020 14:28:13.572 INFOS [Catalina-utility-1] org.apache.catalina.startup.HostConfig.deployDirectory Le déploiement du répertoire [Z:\2eme_annee\apache-tomcat-9.0.14\webapps\TP2] de l'application web s'est terminé en [67] ms
03-Feb-2020 14:45:50.839 INFOS [http-nio-8080-exec-19] org.apache.catalina.core.StandardContext.reload Le rechargement du contexte [/TP2] a démarré
03-Feb-2020 14:45:50.995 INFOS [http-nio-8080-exec-19] org.apache.catalina.core.StandardContext.reload Le rechargement de ce contexte est terminé
03-Feb-2020 14:48:46.883 INFOS [http-nio-8080-exec-21] org.apache.catalina.core.StandardContext.reload Le rechargement du contexte [/TP2] a démarré
03-Feb-2020 14:48:47.086 INFOS [http-nio-8080-exec-21] org.apache.catalina.core.StandardContext.reload Le rechargement de ce contexte est terminé
03-Feb-2020 14:51:39.219 INFOS [http-nio-8080-exec-26] org.apache.catalina.core.StandardContext.reload Le rechargement du contexte [/TP2] a démarré
03-Feb-2020 14:51:39.367 INFOS [http-nio-8080-exec-26] org.apache.catalina.core.StandardContext.reload Le rechargement de ce contexte est terminé
03-Feb-2020 14:51:40.708 INFOS [http-nio-8080-exec-27] org.apache.catalina.core.StandardContext.reload Le rechargement du contexte [/TP2] a démarré
03-Feb-2020 14:51:40.757 INFOS [http-nio-8080-exec-27] org.apache.catalina.core.StandardContext.reload Le rechargement de ce contexte est terminé
03-Feb-2020 14:53:17.908 INFOS [http-nio-8080-exec-35] org.apache.catalina.core.StandardContext.reload Le rechargement du contexte [/TP2] a démarré
03-Feb-2020 14:53:18.062 INFOS [http-nio-8080-exec-35] org.apache.catalina.core.StandardContext.reload Le rechargement de ce contexte est terminé
03-Feb-2020 14:54:52.703 INFOS [Catalina-utility-1] org.apache.catalina.startup.HostConfig.deployDirectory Déploiement du répertoire d'application web [Z:\2eme_annee\apache-tomcat-9.0.14\webapps\TP3]
03-Feb-2020 14:54:52.825 INFOS [Catalina-utility-1] org.apache.catalina.startup.HostConfig.deployDirectory Le déploiement du répertoire [Z:\2eme_annee\apache-tomcat-9.0.14\webapps\TP3] de l'application web s'est terminé en [122] ms
03-Feb-2020 14:56:32.278 INFOS [http-nio-8080-exec-40] org.apache.catalina.core.StandardContext.reload Le rechargement du contexte [/TP2] a démarré
03-Feb-2020 14:56:32.439 INFOS [http-nio-8080-exec-40] org.apache.catalina.core.StandardContext.reload Le rechargement de ce contexte est terminé
03-Feb-2020 14:56:35.645 INFOS [http-nio-8080-exec-36] org.apache.catalina.core.StandardContext.reload Le rechargement du contexte [/TP3] a démarré
03-Feb-2020 14:56:35.734 INFOS [http-nio-8080-exec-36] org.apache.catalina.core.StandardContext.reload Le rechargement de ce contexte est terminé
03-Feb-2020 15:07:10.533 INFOS [http-nio-8080-exec-49] org.apache.catalina.core.StandardContext.reload Le rechargement du contexte [/TP3] a démarré
03-Feb-2020 15:07:10.680 INFOS [http-nio-8080-exec-49] org.apache.catalina.core.StandardContext.reload Le rechargement de ce contexte est terminé
03-Feb-2020 15:10:12.599 INFOS [http-nio-8080-exec-61] org.apache.catalina.core.StandardContext.reload Le rechargement du contexte [/TP3] a démarré
03-Feb-2020 15:10:12.769 INFOS [http-nio-8080-exec-61] org.apache.catalina.core.StandardContext.reload Le rechargement de ce contexte est terminé
03-Feb-2020 15:16:36.641 INFOS [http-nio-8080-exec-68] org.apache.catalina.core.StandardContext.reload Le rechargement du contexte [/TP3] a démarré
03-Feb-2020 15:16:36.794 INFOS [http-nio-8080-exec-68] org.apache.catalina.core.StandardContext.reload Le rechargement de ce contexte est terminé
