24-Feb-2020 14:39:13.043 INFOS [main] org.apache.catalina.startup.VersionLoggerListener.log Version du serveur:        Apache Tomcat/9.0.14
24-Feb-2020 14:39:13.090 INFOS [main] org.apache.catalina.startup.VersionLoggerListener.log Serveur compilé:        Dec 6 2018 21:13:53 UTC
24-Feb-2020 14:39:13.096 INFOS [main] org.apache.catalina.startup.VersionLoggerListener.log Version du serveur:      9.0.14.0
24-Feb-2020 14:39:13.096 INFOS [main] org.apache.catalina.startup.VersionLoggerListener.log Nom de l'OS:           Windows 10
24-Feb-2020 14:39:13.096 INFOS [main] org.apache.catalina.startup.VersionLoggerListener.log Version de lOS:        {0}
24-Feb-2020 14:39:13.096 INFOS [main] org.apache.catalina.startup.VersionLoggerListener.log Architecture:          amd64
24-Feb-2020 14:39:13.097 INFOS [main] org.apache.catalina.startup.VersionLoggerListener.log Répertoire de Java:     C:\Program Files\Java\jdk1.8.0_211\jre
24-Feb-2020 14:39:13.097 INFOS [main] org.apache.catalina.startup.VersionLoggerListener.log Version de la JVM:           1.8.0_211-b12
24-Feb-2020 14:39:13.097 INFOS [main] org.apache.catalina.startup.VersionLoggerListener.log Fournisseur de la JVM:            Oracle Corporation
24-Feb-2020 14:39:13.097 INFOS [main] org.apache.catalina.startup.VersionLoggerListener.log CATALINA_BASE:         Z:\2eme_annee\apache-tomcat-9.0.14
24-Feb-2020 14:39:13.097 INFOS [main] org.apache.catalina.startup.VersionLoggerListener.log CATALINA_HOME:         Z:\2eme_annee\apache-tomcat-9.0.14
24-Feb-2020 14:39:13.098 INFOS [main] org.apache.catalina.startup.VersionLoggerListener.log Argument de la ligne de commande: -Djava.util.logging.config.file=Z:\2eme_annee\apache-tomcat-9.0.14\conf\logging.properties
24-Feb-2020 14:39:13.098 INFOS [main] org.apache.catalina.startup.VersionLoggerListener.log Argument de la ligne de commande: -Djava.util.logging.manager=org.apache.juli.ClassLoaderLogManager
24-Feb-2020 14:39:13.099 INFOS [main] org.apache.catalina.startup.VersionLoggerListener.log Argument de la ligne de commande: -Djdk.tls.ephemeralDHKeySize=2048
24-Feb-2020 14:39:13.099 INFOS [main] org.apache.catalina.startup.VersionLoggerListener.log Argument de la ligne de commande: -Djava.protocol.handler.pkgs=org.apache.catalina.webresources
24-Feb-2020 14:39:13.099 INFOS [main] org.apache.catalina.startup.VersionLoggerListener.log Argument de la ligne de commande: -Dignore.endorsed.dirs=
24-Feb-2020 14:39:13.100 INFOS [main] org.apache.catalina.startup.VersionLoggerListener.log Argument de la ligne de commande: -Dcatalina.base=Z:\2eme_annee\apache-tomcat-9.0.14
24-Feb-2020 14:39:13.105 INFOS [main] org.apache.catalina.startup.VersionLoggerListener.log Argument de la ligne de commande: -Dcatalina.home=Z:\2eme_annee\apache-tomcat-9.0.14
24-Feb-2020 14:39:13.105 INFOS [main] org.apache.catalina.startup.VersionLoggerListener.log Argument de la ligne de commande: -Djava.io.tmpdir=Z:\2eme_annee\apache-tomcat-9.0.14\temp
24-Feb-2020 14:39:13.105 INFOS [main] org.apache.catalina.core.AprLifecycleListener.lifecycleEvent La librairie Apache Tomcat Native basée sur APR qui permet des performances optimales dans les environnements de production n'a pas été trouvée sur le java.library.path: [C:\Program Files\Java\jdk1.8.0_211\bin;C:\Windows\Sun\Java\bin;C:\Windows\system32;C:\Windows;C:\Program Files\Microsoft MPI\Bin\;C:\oraclexe\app\oracle\product\11.2.0\server\bin;;C:\app\product\11.2.0\client_1\bin;C:\Program Files\Addinsoft\XLSTAT\;C:\Program Files (x86)\Common Files\Oracle\Java\javapath;C:\Windows\system32;C:\Windows;C:\Windows\System32\Wbem;C:\Windows\System32\WindowsPowerShell\v1.0\;C:\Windows\CCM;C:\Windows\CCM;C:\Program Files\PuTTY\;C:\Program Files\Git\cmd;C:\Program Files (x86)\QuickTime\QTSystem\;C:\Program Files\doxygen\bin;C:\Program Files\leJOS EV3\bin;c:\Php7;c:\Php7\bin;C:\Program Files (x86)\PsychoPy2;C:\Program Files (x86)\PsychoPy2\DLLs;C:\Program Files\dotnet\;C:\Program Files\Microsoft SQL Server\130\Tools\Binn\;C:\Program Files\Microsoft SQL Server\Client SDK\ODBC\170\Tools\Binn\;C:\Program Files\SASHome\Secure\ccme4;C:\Program Files\SASHome\x86\Secure\ccme4;C:\Windows\CCM;C:\Program Files (x86)\Microsoft SQL Server\140\DTS\Binn\;C:\Program Files\Microsoft SQL Server\140\DTS\Binn\;C:\Program Files\Microsoft SQL Server\Client SDK\ODBC\130\Tools\Binn\;C:\Program Files (x86)\Microsoft SQL Server\140\Tools\Binn\;C:\Program Files\Microsoft SQL Server\140\Tools\Binn\;C:\Program Files (x86)\Microsoft SQL Server\Client SDK\ODBC\130\Tools\Binn\;C:\Program Files (x86)\Microsoft SQL Server\140\Tools\Binn\ManagementStudio\;C:\Program Files (x86)\Microsoft SQL Server\110\DTS\Binn\;C:\Program Files (x86)\Microsoft SQL Server\120\DTS\Binn\;C:\Program Files (x86)\Microsoft SQL Server\130\DTS\Binn\;C:\Program Files (x86)\Microsoft SQL Server\150\DTS\Binn\;C:\Program Files\nodejs\;C:\Users\goldanig\AppData\Local\Microsoft\WindowsApps;;.]
24-Feb-2020 14:39:14.155 INFOS [main] org.apache.coyote.AbstractProtocol.init Initialisation du gestionnaire de protocole ["http-nio-8080"]
24-Feb-2020 14:39:14.335 INFOS [main] org.apache.coyote.AbstractProtocol.init Initialisation du gestionnaire de protocole ["ajp-nio-8009"]
24-Feb-2020 14:39:14.340 INFOS [main] org.apache.catalina.startup.Catalina.load L'initialisation du serveur a pris [1 870] millisecondes
24-Feb-2020 14:39:14.445 INFOS [main] org.apache.catalina.core.StandardService.startInternal Démarrage du service [Catalina]
24-Feb-2020 14:39:14.446 INFOS [main] org.apache.catalina.core.StandardEngine.startInternal Démarrage du moteur de Servlets: [Apache Tomcat/9.0.14]
24-Feb-2020 14:39:14.469 INFOS [main] org.apache.catalina.startup.HostConfig.deployDirectory Déploiement du répertoire d'application web [Z:\2eme_annee\apache-tomcat-9.0.14\webapps\docs]
24-Feb-2020 14:39:15.078 INFOS [main] org.apache.catalina.startup.HostConfig.deployDirectory Le déploiement du répertoire [Z:\2eme_annee\apache-tomcat-9.0.14\webapps\docs] de l'application web s'est terminé en [609] ms
24-Feb-2020 14:39:15.079 INFOS [main] org.apache.catalina.startup.HostConfig.deployDirectory Déploiement du répertoire d'application web [Z:\2eme_annee\apache-tomcat-9.0.14\webapps\examples]
24-Feb-2020 14:39:17.688 INFOS [main] org.apache.catalina.startup.HostConfig.deployDirectory Le déploiement du répertoire [Z:\2eme_annee\apache-tomcat-9.0.14\webapps\examples] de l'application web s'est terminé en [2 609] ms
24-Feb-2020 14:39:17.688 INFOS [main] org.apache.catalina.startup.HostConfig.deployDirectory Déploiement du répertoire d'application web [Z:\2eme_annee\apache-tomcat-9.0.14\webapps\host-manager]
24-Feb-2020 14:39:17.764 INFOS [main] org.apache.catalina.startup.HostConfig.deployDirectory Le déploiement du répertoire [Z:\2eme_annee\apache-tomcat-9.0.14\webapps\host-manager] de l'application web s'est terminé en [76] ms
24-Feb-2020 14:39:17.765 INFOS [main] org.apache.catalina.startup.HostConfig.deployDirectory Déploiement du répertoire d'application web [Z:\2eme_annee\apache-tomcat-9.0.14\webapps\manager]
24-Feb-2020 14:39:17.865 INFOS [main] org.apache.catalina.startup.HostConfig.deployDirectory Le déploiement du répertoire [Z:\2eme_annee\apache-tomcat-9.0.14\webapps\manager] de l'application web s'est terminé en [100] ms
24-Feb-2020 14:39:17.865 INFOS [main] org.apache.catalina.startup.HostConfig.deployDirectory Déploiement du répertoire d'application web [Z:\2eme_annee\apache-tomcat-9.0.14\webapps\ProjetJEE]
24-Feb-2020 14:39:17.928 INFOS [main] org.apache.catalina.startup.HostConfig.deployDirectory Le déploiement du répertoire [Z:\2eme_annee\apache-tomcat-9.0.14\webapps\ProjetJEE] de l'application web s'est terminé en [63] ms
24-Feb-2020 14:39:17.928 INFOS [main] org.apache.catalina.startup.HostConfig.deployDirectory Déploiement du répertoire d'application web [Z:\2eme_annee\apache-tomcat-9.0.14\webapps\ROOT]
24-Feb-2020 14:39:17.984 INFOS [main] org.apache.catalina.startup.HostConfig.deployDirectory Le déploiement du répertoire [Z:\2eme_annee\apache-tomcat-9.0.14\webapps\ROOT] de l'application web s'est terminé en [56] ms
24-Feb-2020 14:39:17.986 INFOS [main] org.apache.catalina.startup.HostConfig.deployDirectory Déploiement du répertoire d'application web [Z:\2eme_annee\apache-tomcat-9.0.14\webapps\TP1]
24-Feb-2020 14:39:18.034 INFOS [main] org.apache.catalina.startup.HostConfig.deployDirectory Le déploiement du répertoire [Z:\2eme_annee\apache-tomcat-9.0.14\webapps\TP1] de l'application web s'est terminé en [48] ms
24-Feb-2020 14:39:18.035 INFOS [main] org.apache.catalina.startup.HostConfig.deployDirectory Déploiement du répertoire d'application web [Z:\2eme_annee\apache-tomcat-9.0.14\webapps\TP11]
24-Feb-2020 14:39:18.121 INFOS [main] org.apache.catalina.startup.HostConfig.deployDirectory Le déploiement du répertoire [Z:\2eme_annee\apache-tomcat-9.0.14\webapps\TP11] de l'application web s'est terminé en [87] ms
24-Feb-2020 14:39:18.122 INFOS [main] org.apache.catalina.startup.HostConfig.deployDirectory Déploiement du répertoire d'application web [Z:\2eme_annee\apache-tomcat-9.0.14\webapps\TP2]
24-Feb-2020 14:39:18.213 INFOS [main] org.apache.catalina.startup.HostConfig.deployDirectory Le déploiement du répertoire [Z:\2eme_annee\apache-tomcat-9.0.14\webapps\TP2] de l'application web s'est terminé en [91] ms
24-Feb-2020 14:39:18.214 INFOS [main] org.apache.catalina.startup.HostConfig.deployDirectory Déploiement du répertoire d'application web [Z:\2eme_annee\apache-tomcat-9.0.14\webapps\TP3]
24-Feb-2020 14:39:18.335 INFOS [main] org.apache.catalina.startup.HostConfig.deployDirectory Le déploiement du répertoire [Z:\2eme_annee\apache-tomcat-9.0.14\webapps\TP3] de l'application web s'est terminé en [121] ms
24-Feb-2020 14:39:18.336 INFOS [main] org.apache.catalina.startup.HostConfig.deployDirectory Déploiement du répertoire d'application web [Z:\2eme_annee\apache-tomcat-9.0.14\webapps\TP4]
24-Feb-2020 14:39:18.378 INFOS [main] org.apache.catalina.startup.HostConfig.deployDirectory Le déploiement du répertoire [Z:\2eme_annee\apache-tomcat-9.0.14\webapps\TP4] de l'application web s'est terminé en [42] ms
24-Feb-2020 14:39:18.385 INFOS [main] org.apache.coyote.AbstractProtocol.start Démarrage du gestionnaire de protocole ["http-nio-8080"]
24-Feb-2020 14:39:18.401 INFOS [main] org.apache.coyote.AbstractProtocol.start Démarrage du gestionnaire de protocole ["ajp-nio-8009"]
24-Feb-2020 14:39:18.406 INFOS [main] org.apache.catalina.startup.Catalina.start Le démarrage du serveur a pris [4 065] millisecondes
24-Feb-2020 14:44:01.669 INFOS [main] org.apache.catalina.startup.VersionLoggerListener.log Version du serveur:        Apache Tomcat/9.0.14
24-Feb-2020 14:44:01.671 INFOS [main] org.apache.catalina.startup.VersionLoggerListener.log Serveur compilé:        Dec 6 2018 21:13:53 UTC
24-Feb-2020 14:44:01.671 INFOS [main] org.apache.catalina.startup.VersionLoggerListener.log Version du serveur:      9.0.14.0
24-Feb-2020 14:44:01.671 INFOS [main] org.apache.catalina.startup.VersionLoggerListener.log Nom de l'OS:           Windows 10
24-Feb-2020 14:44:01.672 INFOS [main] org.apache.catalina.startup.VersionLoggerListener.log Version de lOS:        {0}
24-Feb-2020 14:44:01.672 INFOS [main] org.apache.catalina.startup.VersionLoggerListener.log Architecture:          amd64
24-Feb-2020 14:44:01.672 INFOS [main] org.apache.catalina.startup.VersionLoggerListener.log Répertoire de Java:     C:\Program Files\Java\jdk1.8.0_211\jre
24-Feb-2020 14:44:01.672 INFOS [main] org.apache.catalina.startup.VersionLoggerListener.log Version de la JVM:           1.8.0_211-b12
24-Feb-2020 14:44:01.672 INFOS [main] org.apache.catalina.startup.VersionLoggerListener.log Fournisseur de la JVM:            Oracle Corporation
24-Feb-2020 14:44:01.672 INFOS [main] org.apache.catalina.startup.VersionLoggerListener.log CATALINA_BASE:         Z:\2eme_annee\apache-tomcat-9.0.14
24-Feb-2020 14:44:01.672 INFOS [main] org.apache.catalina.startup.VersionLoggerListener.log CATALINA_HOME:         Z:\2eme_annee\apache-tomcat-9.0.14
24-Feb-2020 14:44:01.672 INFOS [main] org.apache.catalina.startup.VersionLoggerListener.log Argument de la ligne de commande: -Djava.util.logging.config.file=Z:\2eme_annee\apache-tomcat-9.0.14\conf\logging.properties
24-Feb-2020 14:44:01.672 INFOS [main] org.apache.catalina.startup.VersionLoggerListener.log Argument de la ligne de commande: -Djava.util.logging.manager=org.apache.juli.ClassLoaderLogManager
24-Feb-2020 14:44:01.673 INFOS [main] org.apache.catalina.startup.VersionLoggerListener.log Argument de la ligne de commande: -Djdk.tls.ephemeralDHKeySize=2048
24-Feb-2020 14:44:01.673 INFOS [main] org.apache.catalina.startup.VersionLoggerListener.log Argument de la ligne de commande: -Djava.protocol.handler.pkgs=org.apache.catalina.webresources
24-Feb-2020 14:44:01.673 INFOS [main] org.apache.catalina.startup.VersionLoggerListener.log Argument de la ligne de commande: -Dignore.endorsed.dirs=
24-Feb-2020 14:44:01.673 INFOS [main] org.apache.catalina.startup.VersionLoggerListener.log Argument de la ligne de commande: -Dcatalina.base=Z:\2eme_annee\apache-tomcat-9.0.14
24-Feb-2020 14:44:01.674 INFOS [main] org.apache.catalina.startup.VersionLoggerListener.log Argument de la ligne de commande: -Dcatalina.home=Z:\2eme_annee\apache-tomcat-9.0.14
24-Feb-2020 14:44:01.674 INFOS [main] org.apache.catalina.startup.VersionLoggerListener.log Argument de la ligne de commande: -Djava.io.tmpdir=Z:\2eme_annee\apache-tomcat-9.0.14\temp
24-Feb-2020 14:44:01.675 INFOS [main] org.apache.catalina.core.AprLifecycleListener.lifecycleEvent La librairie Apache Tomcat Native basée sur APR qui permet des performances optimales dans les environnements de production n'a pas été trouvée sur le java.library.path: [C:\Program Files\Java\jdk1.8.0_211\bin;C:\Windows\Sun\Java\bin;C:\Windows\system32;C:\Windows;C:\Program Files\Microsoft MPI\Bin\;C:\oraclexe\app\oracle\product\11.2.0\server\bin;;C:\app\product\11.2.0\client_1\bin;C:\Program Files\Addinsoft\XLSTAT\;C:\Program Files (x86)\Common Files\Oracle\Java\javapath;C:\Windows\system32;C:\Windows;C:\Windows\System32\Wbem;C:\Windows\System32\WindowsPowerShell\v1.0\;C:\Windows\CCM;C:\Windows\CCM;C:\Program Files\PuTTY\;C:\Program Files\Git\cmd;C:\Program Files (x86)\QuickTime\QTSystem\;C:\Program Files\doxygen\bin;C:\Program Files\leJOS EV3\bin;c:\Php7;c:\Php7\bin;C:\Program Files (x86)\PsychoPy2;C:\Program Files (x86)\PsychoPy2\DLLs;C:\Program Files\dotnet\;C:\Program Files\Microsoft SQL Server\130\Tools\Binn\;C:\Program Files\Microsoft SQL Server\Client SDK\ODBC\170\Tools\Binn\;C:\Program Files\SASHome\Secure\ccme4;C:\Program Files\SASHome\x86\Secure\ccme4;C:\Windows\CCM;C:\Program Files (x86)\Microsoft SQL Server\140\DTS\Binn\;C:\Program Files\Microsoft SQL Server\140\DTS\Binn\;C:\Program Files\Microsoft SQL Server\Client SDK\ODBC\130\Tools\Binn\;C:\Program Files (x86)\Microsoft SQL Server\140\Tools\Binn\;C:\Program Files\Microsoft SQL Server\140\Tools\Binn\;C:\Program Files (x86)\Microsoft SQL Server\Client SDK\ODBC\130\Tools\Binn\;C:\Program Files (x86)\Microsoft SQL Server\140\Tools\Binn\ManagementStudio\;C:\Program Files (x86)\Microsoft SQL Server\110\DTS\Binn\;C:\Program Files (x86)\Microsoft SQL Server\120\DTS\Binn\;C:\Program Files (x86)\Microsoft SQL Server\130\DTS\Binn\;C:\Program Files (x86)\Microsoft SQL Server\150\DTS\Binn\;C:\Program Files\nodejs\;C:\Users\goldanig\AppData\Local\Microsoft\WindowsApps;;.]
24-Feb-2020 14:44:01.813 INFOS [main] org.apache.coyote.AbstractProtocol.init Initialisation du gestionnaire de protocole ["http-nio-8080"]
24-Feb-2020 14:44:01.976 INFOS [main] org.apache.coyote.AbstractProtocol.init Initialisation du gestionnaire de protocole ["ajp-nio-8009"]
24-Feb-2020 14:44:01.980 INFOS [main] org.apache.catalina.startup.Catalina.load L'initialisation du serveur a pris [775] millisecondes
24-Feb-2020 14:44:02.044 INFOS [main] org.apache.catalina.core.StandardService.startInternal Démarrage du service [Catalina]
24-Feb-2020 14:44:02.044 INFOS [main] org.apache.catalina.core.StandardEngine.startInternal Démarrage du moteur de Servlets: [Apache Tomcat/9.0.14]
24-Feb-2020 14:44:02.060 INFOS [main] org.apache.catalina.startup.HostConfig.deployDirectory Déploiement du répertoire d'application web [Z:\2eme_annee\apache-tomcat-9.0.14\webapps\docs]
24-Feb-2020 14:44:02.538 INFOS [main] org.apache.catalina.startup.HostConfig.deployDirectory Le déploiement du répertoire [Z:\2eme_annee\apache-tomcat-9.0.14\webapps\docs] de l'application web s'est terminé en [478] ms
24-Feb-2020 14:44:02.539 INFOS [main] org.apache.catalina.startup.HostConfig.deployDirectory Déploiement du répertoire d'application web [Z:\2eme_annee\apache-tomcat-9.0.14\webapps\examples]
24-Feb-2020 14:44:04.466 INFOS [main] org.apache.catalina.startup.HostConfig.deployDirectory Le déploiement du répertoire [Z:\2eme_annee\apache-tomcat-9.0.14\webapps\examples] de l'application web s'est terminé en [1 927] ms
24-Feb-2020 14:44:04.467 INFOS [main] org.apache.catalina.startup.HostConfig.deployDirectory Déploiement du répertoire d'application web [Z:\2eme_annee\apache-tomcat-9.0.14\webapps\host-manager]
24-Feb-2020 14:44:04.542 INFOS [main] org.apache.catalina.startup.HostConfig.deployDirectory Le déploiement du répertoire [Z:\2eme_annee\apache-tomcat-9.0.14\webapps\host-manager] de l'application web s'est terminé en [75] ms
24-Feb-2020 14:44:04.542 INFOS [main] org.apache.catalina.startup.HostConfig.deployDirectory Déploiement du répertoire d'application web [Z:\2eme_annee\apache-tomcat-9.0.14\webapps\manager]
24-Feb-2020 14:44:04.608 INFOS [main] org.apache.catalina.startup.HostConfig.deployDirectory Le déploiement du répertoire [Z:\2eme_annee\apache-tomcat-9.0.14\webapps\manager] de l'application web s'est terminé en [66] ms
24-Feb-2020 14:44:04.609 INFOS [main] org.apache.catalina.startup.HostConfig.deployDirectory Déploiement du répertoire d'application web [Z:\2eme_annee\apache-tomcat-9.0.14\webapps\ProjetJEE]
24-Feb-2020 14:44:04.760 INFOS [main] org.apache.catalina.startup.HostConfig.deployDirectory Le déploiement du répertoire [Z:\2eme_annee\apache-tomcat-9.0.14\webapps\ProjetJEE] de l'application web s'est terminé en [152] ms
24-Feb-2020 14:44:04.761 INFOS [main] org.apache.catalina.startup.HostConfig.deployDirectory Déploiement du répertoire d'application web [Z:\2eme_annee\apache-tomcat-9.0.14\webapps\ROOT]
24-Feb-2020 14:44:04.808 INFOS [main] org.apache.catalina.startup.HostConfig.deployDirectory Le déploiement du répertoire [Z:\2eme_annee\apache-tomcat-9.0.14\webapps\ROOT] de l'application web s'est terminé en [47] ms
24-Feb-2020 14:44:04.809 INFOS [main] org.apache.catalina.startup.HostConfig.deployDirectory Déploiement du répertoire d'application web [Z:\2eme_annee\apache-tomcat-9.0.14\webapps\TP1]
24-Feb-2020 14:44:04.863 INFOS [main] org.apache.catalina.startup.HostConfig.deployDirectory Le déploiement du répertoire [Z:\2eme_annee\apache-tomcat-9.0.14\webapps\TP1] de l'application web s'est terminé en [54] ms
24-Feb-2020 14:44:04.864 INFOS [main] org.apache.catalina.startup.HostConfig.deployDirectory Déploiement du répertoire d'application web [Z:\2eme_annee\apache-tomcat-9.0.14\webapps\TP11]
24-Feb-2020 14:44:04.939 INFOS [main] org.apache.catalina.startup.HostConfig.deployDirectory Le déploiement du répertoire [Z:\2eme_annee\apache-tomcat-9.0.14\webapps\TP11] de l'application web s'est terminé en [75] ms
24-Feb-2020 14:44:04.939 INFOS [main] org.apache.catalina.startup.HostConfig.deployDirectory Déploiement du répertoire d'application web [Z:\2eme_annee\apache-tomcat-9.0.14\webapps\TP2]
24-Feb-2020 14:44:05.008 INFOS [main] org.apache.catalina.startup.HostConfig.deployDirectory Le déploiement du répertoire [Z:\2eme_annee\apache-tomcat-9.0.14\webapps\TP2] de l'application web s'est terminé en [69] ms
24-Feb-2020 14:44:05.009 INFOS [main] org.apache.catalina.startup.HostConfig.deployDirectory Déploiement du répertoire d'application web [Z:\2eme_annee\apache-tomcat-9.0.14\webapps\TP3]
24-Feb-2020 14:44:05.106 INFOS [main] org.apache.catalina.startup.HostConfig.deployDirectory Le déploiement du répertoire [Z:\2eme_annee\apache-tomcat-9.0.14\webapps\TP3] de l'application web s'est terminé en [97] ms
24-Feb-2020 14:44:05.107 INFOS [main] org.apache.catalina.startup.HostConfig.deployDirectory Déploiement du répertoire d'application web [Z:\2eme_annee\apache-tomcat-9.0.14\webapps\TP4]
24-Feb-2020 14:44:05.148 INFOS [main] org.apache.catalina.startup.HostConfig.deployDirectory Le déploiement du répertoire [Z:\2eme_annee\apache-tomcat-9.0.14\webapps\TP4] de l'application web s'est terminé en [41] ms
24-Feb-2020 14:44:05.155 INFOS [main] org.apache.coyote.AbstractProtocol.start Démarrage du gestionnaire de protocole ["http-nio-8080"]
24-Feb-2020 14:44:05.171 INFOS [main] org.apache.coyote.AbstractProtocol.start Démarrage du gestionnaire de protocole ["ajp-nio-8009"]
24-Feb-2020 14:44:05.176 INFOS [main] org.apache.catalina.startup.Catalina.start Le démarrage du serveur a pris [3 194] millisecondes
