10-Feb-2020 14:16:34.180 INFOS [main] org.apache.catalina.startup.VersionLoggerListener.log Version du serveur:        Apache Tomcat/9.0.14
10-Feb-2020 14:16:34.242 INFOS [main] org.apache.catalina.startup.VersionLoggerListener.log Serveur compilé:        Dec 6 2018 21:13:53 UTC
10-Feb-2020 14:16:34.258 INFOS [main] org.apache.catalina.startup.VersionLoggerListener.log Version du serveur:      9.0.14.0
10-Feb-2020 14:16:34.258 INFOS [main] org.apache.catalina.startup.VersionLoggerListener.log Nom de l'OS:           Windows 10
10-Feb-2020 14:16:34.274 INFOS [main] org.apache.catalina.startup.VersionLoggerListener.log Version de lOS:        {0}
10-Feb-2020 14:16:34.274 INFOS [main] org.apache.catalina.startup.VersionLoggerListener.log Architecture:          amd64
10-Feb-2020 14:16:34.274 INFOS [main] org.apache.catalina.startup.VersionLoggerListener.log Répertoire de Java:     C:\Program Files\Java\jdk1.8.0_211\jre
10-Feb-2020 14:16:34.274 INFOS [main] org.apache.catalina.startup.VersionLoggerListener.log Version de la JVM:           1.8.0_211-b12
10-Feb-2020 14:16:34.274 INFOS [main] org.apache.catalina.startup.VersionLoggerListener.log Fournisseur de la JVM:            Oracle Corporation
10-Feb-2020 14:16:34.274 INFOS [main] org.apache.catalina.startup.VersionLoggerListener.log CATALINA_BASE:         Z:\2eme_annee\apache-tomcat-9.0.14
10-Feb-2020 14:16:34.274 INFOS [main] org.apache.catalina.startup.VersionLoggerListener.log CATALINA_HOME:         Z:\2eme_annee\apache-tomcat-9.0.14
10-Feb-2020 14:16:34.274 INFOS [main] org.apache.catalina.startup.VersionLoggerListener.log Argument de la ligne de commande: -Djava.util.logging.config.file=Z:\2eme_annee\apache-tomcat-9.0.14\conf\logging.properties
10-Feb-2020 14:16:34.274 INFOS [main] org.apache.catalina.startup.VersionLoggerListener.log Argument de la ligne de commande: -Djava.util.logging.manager=org.apache.juli.ClassLoaderLogManager
10-Feb-2020 14:16:34.274 INFOS [main] org.apache.catalina.startup.VersionLoggerListener.log Argument de la ligne de commande: -Djdk.tls.ephemeralDHKeySize=2048
10-Feb-2020 14:16:34.274 INFOS [main] org.apache.catalina.startup.VersionLoggerListener.log Argument de la ligne de commande: -Djava.protocol.handler.pkgs=org.apache.catalina.webresources
10-Feb-2020 14:16:34.274 INFOS [main] org.apache.catalina.startup.VersionLoggerListener.log Argument de la ligne de commande: -Dignore.endorsed.dirs=
10-Feb-2020 14:16:34.274 INFOS [main] org.apache.catalina.startup.VersionLoggerListener.log Argument de la ligne de commande: -Dcatalina.base=Z:\2eme_annee\apache-tomcat-9.0.14
10-Feb-2020 14:16:34.289 INFOS [main] org.apache.catalina.startup.VersionLoggerListener.log Argument de la ligne de commande: -Dcatalina.home=Z:\2eme_annee\apache-tomcat-9.0.14
10-Feb-2020 14:16:34.289 INFOS [main] org.apache.catalina.startup.VersionLoggerListener.log Argument de la ligne de commande: -Djava.io.tmpdir=Z:\2eme_annee\apache-tomcat-9.0.14\temp
10-Feb-2020 14:16:34.289 INFOS [main] org.apache.catalina.core.AprLifecycleListener.lifecycleEvent La librairie Apache Tomcat Native basée sur APR qui permet des performances optimales dans les environnements de production n'a pas été trouvée sur le java.library.path: [C:\Program Files\Java\jdk1.8.0_211\bin;C:\Windows\Sun\Java\bin;C:\Windows\system32;C:\Windows;C:\Program Files\Addinsoft\XLSTAT\;C:\oraclexe\app\oracle\product\11.2.0\server\bin;;C:\app\product\11.2.0\client_1\bin;C:\Program Files\Microsoft MPI\Bin\;C:\Program Files (x86)\Common Files\Oracle\Java\javapath;C:\Windows\system32;C:\Windows;C:\Windows\System32\Wbem;C:\Windows\System32\WindowsPowerShell\v1.0\;C:\Windows\CCM;C:\Windows\CCM;C:\Program Files\PuTTY\;C:\Program Files\Git\cmd;C:\Program Files (x86)\QuickTime\QTSystem\;C:\Program Files\doxygen\bin;C:\Program Files\leJOS EV3\bin;c:\Php7;c:\Php7\bin;C:\Program Files (x86)\PsychoPy2;C:\Program Files (x86)\PsychoPy2\DLLs;C:\Program Files\dotnet\;C:\Program Files\Microsoft SQL Server\130\Tools\Binn\;C:\Program Files\Microsoft SQL Server\Client SDK\ODBC\170\Tools\Binn\;C:\Program Files\SASHome\Secure\ccme4;C:\Program Files\SASHome\x86\Secure\ccme4;C:\Windows\CCM;C:\Program Files (x86)\Microsoft SQL Server\140\DTS\Binn\;C:\Program Files\Microsoft SQL Server\140\DTS\Binn\;C:\Program Files\Microsoft SQL Server\Client SDK\ODBC\130\Tools\Binn\;C:\Program Files (x86)\Microsoft SQL Server\140\Tools\Binn\;C:\Program Files\Microsoft SQL Server\140\Tools\Binn\;C:\Program Files (x86)\Microsoft SQL Server\Client SDK\ODBC\130\Tools\Binn\;C:\Program Files (x86)\Microsoft SQL Server\140\Tools\Binn\ManagementStudio\;C:\Program Files (x86)\Microsoft SQL Server\110\DTS\Binn\;C:\Program Files (x86)\Microsoft SQL Server\120\DTS\Binn\;C:\Program Files (x86)\Microsoft SQL Server\130\DTS\Binn\;C:\Program Files (x86)\Microsoft SQL Server\150\DTS\Binn\;C:\Program Files\nodejs\;C:\Users\goldanig\AppData\Local\Microsoft\WindowsApps;;C:\Users\goldanig\AppData\Local\Programs\Microsoft VS Code\bin;.]
10-Feb-2020 14:16:35.258 INFOS [main] org.apache.coyote.AbstractProtocol.init Initialisation du gestionnaire de protocole ["http-nio-8080"]
10-Feb-2020 14:16:35.555 INFOS [main] org.apache.coyote.AbstractProtocol.init Initialisation du gestionnaire de protocole ["ajp-nio-8009"]
10-Feb-2020 14:16:35.586 INFOS [main] org.apache.catalina.startup.Catalina.load L'initialisation du serveur a pris [2 812] millisecondes
10-Feb-2020 14:16:35.742 INFOS [main] org.apache.catalina.core.StandardService.startInternal Démarrage du service [Catalina]
10-Feb-2020 14:16:35.742 INFOS [main] org.apache.catalina.core.StandardEngine.startInternal Démarrage du moteur de Servlets: [Apache Tomcat/9.0.14]
10-Feb-2020 14:16:35.774 INFOS [main] org.apache.catalina.startup.HostConfig.deployDirectory Déploiement du répertoire d'application web [Z:\2eme_annee\apache-tomcat-9.0.14\webapps\docs]
10-Feb-2020 14:16:36.852 INFOS [main] org.apache.catalina.startup.HostConfig.deployDirectory Le déploiement du répertoire [Z:\2eme_annee\apache-tomcat-9.0.14\webapps\docs] de l'application web s'est terminé en [1 078] ms
10-Feb-2020 14:16:36.852 INFOS [main] org.apache.catalina.startup.HostConfig.deployDirectory Déploiement du répertoire d'application web [Z:\2eme_annee\apache-tomcat-9.0.14\webapps\examples]
10-Feb-2020 14:16:40.101 INFOS [main] org.apache.catalina.startup.HostConfig.deployDirectory Le déploiement du répertoire [Z:\2eme_annee\apache-tomcat-9.0.14\webapps\examples] de l'application web s'est terminé en [3 249] ms
10-Feb-2020 14:16:40.101 INFOS [main] org.apache.catalina.startup.HostConfig.deployDirectory Déploiement du répertoire d'application web [Z:\2eme_annee\apache-tomcat-9.0.14\webapps\host-manager]
10-Feb-2020 14:16:40.226 INFOS [main] org.apache.catalina.startup.HostConfig.deployDirectory Le déploiement du répertoire [Z:\2eme_annee\apache-tomcat-9.0.14\webapps\host-manager] de l'application web s'est terminé en [125] ms
10-Feb-2020 14:16:40.226 INFOS [main] org.apache.catalina.startup.HostConfig.deployDirectory Déploiement du répertoire d'application web [Z:\2eme_annee\apache-tomcat-9.0.14\webapps\manager]
10-Feb-2020 14:16:40.351 INFOS [main] org.apache.catalina.startup.HostConfig.deployDirectory Le déploiement du répertoire [Z:\2eme_annee\apache-tomcat-9.0.14\webapps\manager] de l'application web s'est terminé en [125] ms
10-Feb-2020 14:16:40.351 INFOS [main] org.apache.catalina.startup.HostConfig.deployDirectory Déploiement du répertoire d'application web [Z:\2eme_annee\apache-tomcat-9.0.14\webapps\ROOT]
10-Feb-2020 14:16:40.429 INFOS [main] org.apache.catalina.startup.HostConfig.deployDirectory Le déploiement du répertoire [Z:\2eme_annee\apache-tomcat-9.0.14\webapps\ROOT] de l'application web s'est terminé en [78] ms
10-Feb-2020 14:16:40.429 INFOS [main] org.apache.catalina.startup.HostConfig.deployDirectory Déploiement du répertoire d'application web [Z:\2eme_annee\apache-tomcat-9.0.14\webapps\TP1]
10-Feb-2020 14:16:40.523 INFOS [main] org.apache.catalina.startup.HostConfig.deployDirectory Le déploiement du répertoire [Z:\2eme_annee\apache-tomcat-9.0.14\webapps\TP1] de l'application web s'est terminé en [94] ms
10-Feb-2020 14:16:40.523 INFOS [main] org.apache.catalina.startup.HostConfig.deployDirectory Déploiement du répertoire d'application web [Z:\2eme_annee\apache-tomcat-9.0.14\webapps\TP11]
10-Feb-2020 14:16:40.648 INFOS [main] org.apache.catalina.startup.HostConfig.deployDirectory Le déploiement du répertoire [Z:\2eme_annee\apache-tomcat-9.0.14\webapps\TP11] de l'application web s'est terminé en [125] ms
10-Feb-2020 14:16:40.648 INFOS [main] org.apache.catalina.startup.HostConfig.deployDirectory Déploiement du répertoire d'application web [Z:\2eme_annee\apache-tomcat-9.0.14\webapps\TP2]
10-Feb-2020 14:16:40.789 INFOS [main] org.apache.catalina.startup.HostConfig.deployDirectory Le déploiement du répertoire [Z:\2eme_annee\apache-tomcat-9.0.14\webapps\TP2] de l'application web s'est terminé en [141] ms
10-Feb-2020 14:16:40.789 INFOS [main] org.apache.catalina.startup.HostConfig.deployDirectory Déploiement du répertoire d'application web [Z:\2eme_annee\apache-tomcat-9.0.14\webapps\TP3]
10-Feb-2020 14:16:41.008 INFOS [main] org.apache.catalina.startup.HostConfig.deployDirectory Le déploiement du répertoire [Z:\2eme_annee\apache-tomcat-9.0.14\webapps\TP3] de l'application web s'est terminé en [219] ms
10-Feb-2020 14:16:41.008 INFOS [main] org.apache.coyote.AbstractProtocol.start Démarrage du gestionnaire de protocole ["http-nio-8080"]
10-Feb-2020 14:16:41.023 INFOS [main] org.apache.coyote.AbstractProtocol.start Démarrage du gestionnaire de protocole ["ajp-nio-8009"]
10-Feb-2020 14:16:41.039 INFOS [main] org.apache.catalina.startup.Catalina.start Le démarrage du serveur a pris [5 453] millisecondes
10-Feb-2020 14:22:13.072 INFOS [Catalina-utility-1] org.apache.catalina.startup.HostConfig.deployDirectory Déploiement du répertoire d'application web [Z:\2eme_annee\apache-tomcat-9.0.14\webapps\Nouveau dossier]
10-Feb-2020 14:22:13.213 INFOS [Catalina-utility-1] org.apache.catalina.startup.HostConfig.deployDirectory Le déploiement du répertoire [Z:\2eme_annee\apache-tomcat-9.0.14\webapps\Nouveau dossier] de l'application web s'est terminé en [141] ms
10-Feb-2020 14:22:23.769 INFOS [Catalina-utility-1] org.apache.catalina.startup.HostConfig.undeploy Retrait de l'application web ayant pour chemin de contexte [/Nouveau dossier]
10-Feb-2020 14:22:23.879 INFOS [Catalina-utility-1] org.apache.catalina.startup.HostConfig.deployDirectory Déploiement du répertoire d'application web [Z:\2eme_annee\apache-tomcat-9.0.14\webapps\TP4]
10-Feb-2020 14:22:23.957 INFOS [Catalina-utility-1] org.apache.catalina.startup.HostConfig.deployDirectory Le déploiement du répertoire [Z:\2eme_annee\apache-tomcat-9.0.14\webapps\TP4] de l'application web s'est terminé en [78] ms
10-Feb-2020 14:29:57.407 INFOS [http-nio-8080-exec-13] org.apache.catalina.core.StandardContext.reload Le rechargement du contexte [/TP4] a démarré
10-Feb-2020 14:29:57.516 INFOS [http-nio-8080-exec-13] org.apache.catalina.core.StandardContext.reload Le rechargement de ce contexte est terminé
10-Feb-2020 14:54:57.086 INFOS [http-nio-8080-exec-26] org.apache.catalina.core.StandardContext.reload Le rechargement du contexte [/TP4] a démarré
10-Feb-2020 14:54:57.315 INFOS [http-nio-8080-exec-26] org.apache.catalina.core.StandardContext.reload Le rechargement de ce contexte est terminé
10-Feb-2020 15:22:57.264 INFOS [http-nio-8080-exec-30] org.apache.catalina.core.StandardContext.reload Le rechargement du contexte [/TP4] a démarré
10-Feb-2020 15:22:57.385 INFOS [http-nio-8080-exec-30] org.apache.catalina.core.StandardContext.reload Le rechargement de ce contexte est terminé
