27-Jan-2020 15:47:52.286 INFOS [main] org.apache.catalina.core.ApplicationContext.log ContextListener: contextInitialized()
27-Jan-2020 15:47:52.286 INFOS [main] org.apache.catalina.core.ApplicationContext.log SessionListener: contextInitialized()
27-Jan-2020 15:47:52.289 INFOS [main] org.apache.catalina.core.ApplicationContext.log ContextListener: attributeAdded('StockTicker', 'async.Stockticker@43c1b556')
27-Jan-2020 15:49:59.329 INFOS [main] org.apache.catalina.core.ApplicationContext.log ContextListener: contextInitialized()
27-Jan-2020 15:49:59.331 INFOS [main] org.apache.catalina.core.ApplicationContext.log SessionListener: contextInitialized()
27-Jan-2020 15:49:59.335 INFOS [main] org.apache.catalina.core.ApplicationContext.log ContextListener: attributeAdded('StockTicker', 'async.Stockticker@43c1b556')
27-Jan-2020 15:59:28.385 INFOS [main] org.apache.catalina.core.ApplicationContext.log ContextListener: contextInitialized()
27-Jan-2020 15:59:28.385 INFOS [main] org.apache.catalina.core.ApplicationContext.log SessionListener: contextInitialized()
27-Jan-2020 15:59:28.389 INFOS [main] org.apache.catalina.core.ApplicationContext.log ContextListener: attributeAdded('StockTicker', 'async.Stockticker@17f7cd29')
27-Jan-2020 16:54:02.799 GRAVE [http-nio-8080-exec-63] org.apache.catalina.core.StandardWrapperValve.invoke Servlet.service() du Servlet [TestServlet] dans le contexte au chemin [/TP11] a retourné une exception [L'exécution de la servlet a lancé une exception] avec la cause
 java.lang.Error: Unresolved compilation problem: 
	Duplicate local variable out

	at TestServlet.doGet(TestServlet.java:28)
	at javax.servlet.http.HttpServlet.service(HttpServlet.java:634)
	at javax.servlet.http.HttpServlet.service(HttpServlet.java:741)
	at org.apache.catalina.core.ApplicationFilterChain.internalDoFilter(ApplicationFilterChain.java:231)
	at org.apache.catalina.core.ApplicationFilterChain.doFilter(ApplicationFilterChain.java:166)
	at org.apache.tomcat.websocket.server.WsFilter.doFilter(WsFilter.java:53)
	at org.apache.catalina.core.ApplicationFilterChain.internalDoFilter(ApplicationFilterChain.java:193)
	at org.apache.catalina.core.ApplicationFilterChain.doFilter(ApplicationFilterChain.java:166)
	at org.apache.catalina.core.StandardWrapperValve.invoke(StandardWrapperValve.java:199)
	at org.apache.catalina.core.StandardContextValve.invoke(StandardContextValve.java:96)
	at org.apache.catalina.authenticator.AuthenticatorBase.invoke(AuthenticatorBase.java:490)
	at org.apache.catalina.core.StandardHostValve.invoke(StandardHostValve.java:139)
	at org.apache.catalina.valves.ErrorReportValve.invoke(ErrorReportValve.java:92)
	at org.apache.catalina.valves.AbstractAccessLogValve.invoke(AbstractAccessLogValve.java:668)
	at org.apache.catalina.core.StandardEngineValve.invoke(StandardEngineValve.java:74)
	at org.apache.catalina.connector.CoyoteAdapter.service(CoyoteAdapter.java:343)
	at org.apache.coyote.http11.Http11Processor.service(Http11Processor.java:408)
	at org.apache.coyote.AbstractProcessorLight.process(AbstractProcessorLight.java:66)
	at org.apache.coyote.AbstractProtocol$ConnectionHandler.process(AbstractProtocol.java:834)
	at org.apache.tomcat.util.net.NioEndpoint$SocketProcessor.doRun(NioEndpoint.java:1417)
	at org.apache.tomcat.util.net.SocketProcessorBase.run(SocketProcessorBase.java:49)
	at java.util.concurrent.ThreadPoolExecutor.runWorker(ThreadPoolExecutor.java:1149)
	at java.util.concurrent.ThreadPoolExecutor$Worker.run(ThreadPoolExecutor.java:624)
	at org.apache.tomcat.util.threads.TaskThread$WrappingRunnable.run(TaskThread.java:61)
	at java.lang.Thread.run(Thread.java:748)

27-Jan-2020 16:56:53.379 INFOS [Thread-5] org.apache.catalina.core.ApplicationContext.log SessionListener: contextDestroyed()
27-Jan-2020 16:56:53.379 INFOS [Thread-5] org.apache.catalina.core.ApplicationContext.log ContextListener: contextDestroyed()
